<?xml version="1.0" encoding="UTF-8"?>
<!-- Generated by org.testng.reporters.JUnitXMLReporter -->
<testsuite ignored="1" hostname="DESKTOP-RJMT1GF" failures="0" tests="2" name="Car Loan" time="0.036" errors="0" timestamp="2021-09-11T16:44:27 IST">
  <testcase classname="Test.Car3" name="LoginAPIHomeLoan" time="0.002"/>
  <testcase classname="Test.Car3" name="WebLoginHomeLoan" time="0.005"/>
  <testcase classname="Test.Car3" name="MobileLoginHomeLoan" time="0.0">
    <ignored/>
  </testcase> <!-- MobileLoginHomeLoan -->
</testsuite> <!-- Car Loan -->
