<?xml version="1.0" encoding="UTF-8"?>
<!-- Generated by org.testng.reporters.JUnitXMLReporter -->
<testsuite ignored="0" hostname="DESKTOP-RJMT1GF" failures="0" tests="4" name="Personal Loan" time="0.08" errors="0" timestamp="2021-09-11T16:44:27 IST">
  <testcase classname="Test.Car" name="Honk" time="0.01"/>
  <testcase classname="Test.Car" name="SecondTest" time="0.003"/>
  <testcase classname="Test.Car2" name="Honk" time="0.001"/>
  <testcase classname="Test.Car2" name="SecondTest" time="0.002"/>
</testsuite> <!-- Personal Loan -->
