<?xml version="1.0" encoding="UTF-8"?>
<testng-results ignored="1" total="7" passed="6" failed="0" skipped="0">
  <reporter-output>
  </reporter-output>
  <suite started-at="2021-09-11T16:44:27 IST" name="Loan Department" finished-at="2021-09-11T16:44:27 IST" duration-ms="211">
    <groups>
    </groups>
    <test started-at="2021-09-11T16:44:27 IST" name="Personal Loan" finished-at="2021-09-11T16:44:27 IST" duration-ms="80">
      <class name="Test.Car">
        <test-method signature="Honk()[pri:0, instance:Test.Car@73ee04c8]" started-at="2021-09-11T16:44:27 IST" name="Honk" finished-at="2021-09-11T16:44:27 IST" duration-ms="10" status="PASS">
          <reporter-output>
          </reporter-output>
        </test-method> <!-- Honk -->
        <test-method signature="SecondTest()[pri:0, instance:Test.Car@73ee04c8]" started-at="2021-09-11T16:44:27 IST" name="SecondTest" finished-at="2021-09-11T16:44:27 IST" duration-ms="3" status="PASS">
          <reporter-output>
          </reporter-output>
        </test-method> <!-- SecondTest -->
      </class> <!-- Test.Car -->
      <class name="Test.Car2">
        <test-method signature="Honk()[pri:0, instance:Test.Car2@2f8dad04]" started-at="2021-09-11T16:44:27 IST" name="Honk" finished-at="2021-09-11T16:44:27 IST" duration-ms="1" status="PASS">
          <reporter-output>
          </reporter-output>
        </test-method> <!-- Honk -->
        <test-method signature="SecondTest()[pri:0, instance:Test.Car2@2f8dad04]" started-at="2021-09-11T16:44:27 IST" name="SecondTest" finished-at="2021-09-11T16:44:27 IST" duration-ms="2" status="PASS">
          <reporter-output>
          </reporter-output>
        </test-method> <!-- SecondTest -->
      </class> <!-- Test.Car2 -->
    </test> <!-- Personal Loan -->
    <test started-at="2021-09-11T16:44:27 IST" name="Car Loan" finished-at="2021-09-11T16:44:27 IST" duration-ms="36">
      <class name="Test.Car3">
        <test-method signature="LoginAPIHomeLoan()[pri:0, instance:Test.Car3@1b1426f4]" started-at="2021-09-11T16:44:27 IST" name="LoginAPIHomeLoan" finished-at="2021-09-11T16:44:27 IST" duration-ms="2" status="PASS">
          <reporter-output>
          </reporter-output>
        </test-method> <!-- LoginAPIHomeLoan -->
        <test-method signature="WebLoginHomeLoan()[pri:0, instance:Test.Car3@1b1426f4]" started-at="2021-09-11T16:44:27 IST" name="WebLoginHomeLoan" finished-at="2021-09-11T16:44:27 IST" duration-ms="5" status="PASS">
          <reporter-output>
          </reporter-output>
        </test-method> <!-- WebLoginHomeLoan -->
      </class> <!-- Test.Car3 -->
    </test> <!-- Car Loan -->
  </suite> <!-- Loan Department -->
</testng-results>
